d:\code\gmfasr\gmfasr\nativeasrdll\nativeasrdll\debug\nativeasrdll.pch
d:\code\gmfasr\gmfasr\nativeasrdll\nativeasrdll\debug\vc141.pdb
d:\code\gmfasr\gmfasr\nativeasrdll\nativeasrdll\debug\vc141.idb
d:\code\gmfasr\gmfasr\nativeasrdll\nativeasrdll\debug\stdafx.obj
d:\code\gmfasr\gmfasr\nativeasrdll\nativeasrdll\debug\utils.obj
d:\code\gmfasr\gmfasr\nativeasrdll\nativeasrdll\debug\soundmix.obj
d:\code\gmfasr\gmfasr\nativeasrdll\nativeasrdll\debug\recordthread.obj
d:\code\gmfasr\gmfasr\nativeasrdll\nativeasrdll\debug\nativeengineholder.obj
d:\code\gmfasr\gmfasr\nativeasrdll\nativeasrdll\debug\nativeengine.obj
d:\code\gmfasr\gmfasr\nativeasrdll\nativeasrdll\debug\nativeasrdll.obj
d:\code\gmfasr\gmfasr\nativeasrdll\nativeasrdll\debug\dllmain.obj
d:\code\gmfasr\gmfasr\nativeasrcsharp\debug\nativeasrdll.ilk
d:\code\gmfasr\gmfasr\nativeasrcsharp\debug\nativeasrdll.dll
d:\code\gmfasr\gmfasr\nativeasrcsharp\debug\nativeasrdll.pdb
d:\code\gmfasr\gmfasr\nativeasrcsharp\debug\nativeasrdll.lib
d:\code\gmfasr\gmfasr\nativeasrcsharp\debug\nativeasrdll.exp
d:\code\gmfasr\gmfasr\nativeasrdll\nativeasrdll\debug\nativeasrdll.tlog\cl.command.1.tlog
d:\code\gmfasr\gmfasr\nativeasrdll\nativeasrdll\debug\nativeasrdll.tlog\cl.read.1.tlog
d:\code\gmfasr\gmfasr\nativeasrdll\nativeasrdll\debug\nativeasrdll.tlog\cl.write.1.tlog
d:\code\gmfasr\gmfasr\nativeasrdll\nativeasrdll\debug\nativeasrdll.tlog\link.command.1.tlog
d:\code\gmfasr\gmfasr\nativeasrdll\nativeasrdll\debug\nativeasrdll.tlog\link.read.1.tlog
d:\code\gmfasr\gmfasr\nativeasrdll\nativeasrdll\debug\nativeasrdll.tlog\link.write.1.tlog
d:\code\gmfasr\gmfasr\nativeasrdll\nativeasrdll\debug\nativeasrdll.tlog\nativeasrdll.write.1u.tlog
