d:\code\gmfasr\gmfasr\nativeasrdll\nativeasrdll\release\nativeasrdll.pch
d:\code\gmfasr\gmfasr\nativeasrdll\nativeasrdll\release\vc141.pdb
d:\code\gmfasr\gmfasr\nativeasrdll\nativeasrdll\release\stdafx.obj
d:\code\gmfasr\gmfasr\nativeasrdll\nativeasrdll\release\utils.obj
d:\code\gmfasr\gmfasr\nativeasrdll\nativeasrdll\release\recordthread.obj
d:\code\gmfasr\gmfasr\nativeasrdll\nativeasrdll\release\nativeengineholder.obj
d:\code\gmfasr\gmfasr\nativeasrdll\nativeasrdll\release\nativeengine.obj
d:\code\gmfasr\gmfasr\nativeasrdll\nativeasrdll\release\nativeasrdll.obj
d:\code\gmfasr\gmfasr\nativeasrdll\nativeasrdll\release\dllmain.obj
d:\code\gmfasr\gmfasr\nativeasrcsharp\release\nativeasrdll.dll
d:\code\gmfasr\gmfasr\nativeasrcsharp\release\nativeasrdll.pdb
d:\code\gmfasr\gmfasr\nativeasrcsharp\release\nativeasrdll.lib
d:\code\gmfasr\gmfasr\nativeasrcsharp\release\nativeasrdll.exp
d:\code\gmfasr\gmfasr\nativeasrdll\nativeasrdll\release\nativeasrdll.tlog\cl.command.1.tlog
d:\code\gmfasr\gmfasr\nativeasrdll\nativeasrdll\release\nativeasrdll.tlog\cl.read.1.tlog
d:\code\gmfasr\gmfasr\nativeasrdll\nativeasrdll\release\nativeasrdll.tlog\cl.write.1.tlog
d:\code\gmfasr\gmfasr\nativeasrdll\nativeasrdll\release\nativeasrdll.tlog\link.command.1.tlog
d:\code\gmfasr\gmfasr\nativeasrdll\nativeasrdll\release\nativeasrdll.tlog\link.read.1.tlog
d:\code\gmfasr\gmfasr\nativeasrdll\nativeasrdll\release\nativeasrdll.tlog\link.write.1.tlog
d:\code\gmfasr\gmfasr\nativeasrdll\nativeasrdll\release\nativeasrdll.tlog\nativeasrdll.write.1u.tlog
